Build started 5/10/2022 2:30:49 PM.
     1>Project "C:\Users\gwents\Documents\Visual Studio 2008\Projects\ass3\Assignment3-vs2008\Assignment3-vs2008\1 Subsequences\Subsequences\Subsequences.vcxproj" on node 2 (Build target(s)).
     1>ClCompile:
         C:\Program Files (x86)\Microsoft Visual Studio 9.0\VC\bin\CL.exe /c /I..\StanfordCPPLib /ZI /nologo /W3 /WX- /Od /Oy- /D WIN32 /D _DEBUG /D _CONSOLE /D _UNICODE /D UNICODE /Gm /EHsc /RTC1 /MDd /GS /fp:precise /Zc:wchar_t /Zc:forScope /Fo"Debug\\" /Fd"Debug\vc90.pdb" /Gd /TP /analyze- /errorReport:prompt Subsequences.cpp
         Subsequences.cpp
       ManifestResourceCompile:
         C:\Program Files\Microsoft SDKs\Windows\v6.0A\bin\rc.exe /fo"Debug\Subsequences.exe.embed.manifest.res" Debug\Subsequences_manifest.rc 
         Microsoft (R) Windows (R) Resource Compiler Version 6.0.5724.0
         
         Copyright (C) Microsoft Corporation.  All rights reserved.
         
         
       Link:
         C:\Program Files (x86)\Microsoft Visual Studio 9.0\VC\bin\link.exe /ERRORREPORT:PROMPT /OUT:"C:\Users\gwents\Documents\Visual Studio 2008\Projects\ass3\Assignment3-vs2008\Assignment3-vs2008\1 Subsequences\Debug\Subsequences.exe" /INCREMENTAL /NOLOGO kernel32.lib user32.lib gdi32.lib winspool.lib comdlg32.lib advapi32.lib shell32.lib ole32.lib oleaut32.lib uuid.lib odbc32.lib odbccp32.lib /MANIFEST /ManifestFile:"Debug\Subsequences.exe.intermediate.manifest" /MANIFESTUAC:"level='asInvoker' uiAccess='false'" /DEBUG /PDB:"C:\Users\gwents\Documents\Visual Studio 2008\Projects\ass3\Assignment3-vs2008\Assignment3-vs2008\1 Subsequences\Debug\Subsequences.pdb" /SUBSYSTEM:CONSOLE /TLBID:1 /DYNAMICBASE /NXCOMPAT /IMPLIB:"C:\Users\gwents\Documents\Visual Studio 2008\Projects\ass3\Assignment3-vs2008\Assignment3-vs2008\1 Subsequences\Debug\Subsequences.lib" /MACHINE:X86 Debug\Subsequences.exe.embed.manifest.res
         Debug\Subsequences.obj
         ..\StanfordCPPLib\StanfordCPPLib.lib
     1>StanfordCPPLib.lib(error.obj) : warning LNK4099: PDB 'stanfordcpplib.pdb' was not found with '..\StanfordCPPLib\StanfordCPPLib.lib' or at 'C:\Users\gwents\Documents\Visual Studio 2008\Projects\ass3\Assignment3-vs2008\Assignment3-vs2008\1 Subsequences\Debug\stanfordcpplib.pdb'; linking object as if no debug info
     1>StanfordCPPLib.lib(filelib.obj) : warning LNK4099: PDB 'stanfordcpplib.pdb' was not found with '..\StanfordCPPLib\StanfordCPPLib.lib' or at 'C:\Users\gwents\Documents\Visual Studio 2008\Projects\ass3\Assignment3-vs2008\Assignment3-vs2008\1 Subsequences\Debug\stanfordcpplib.pdb'; linking object as if no debug info
     1>StanfordCPPLib.lib(gevents.obj) : warning LNK4099: PDB 'stanfordcpplib.pdb' was not found with '..\StanfordCPPLib\StanfordCPPLib.lib' or at 'C:\Users\gwents\Documents\Visual Studio 2008\Projects\ass3\Assignment3-vs2008\Assignment3-vs2008\1 Subsequences\Debug\stanfordcpplib.pdb'; linking object as if no debug info
     1>StanfordCPPLib.lib(gmath.obj) : warning LNK4099: PDB 'stanfordcpplib.pdb' was not found with '..\StanfordCPPLib\StanfordCPPLib.lib' or at 'C:\Users\gwents\Documents\Visual Studio 2008\Projects\ass3\Assignment3-vs2008\Assignment3-vs2008\1 Subsequences\Debug\stanfordcpplib.pdb'; linking object as if no debug info
     1>StanfordCPPLib.lib(gobjects.obj) : warning LNK4099: PDB 'stanfordcpplib.pdb' was not found with '..\StanfordCPPLib\StanfordCPPLib.lib' or at 'C:\Users\gwents\Documents\Visual Studio 2008\Projects\ass3\Assignment3-vs2008\Assignment3-vs2008\1 Subsequences\Debug\stanfordcpplib.pdb'; linking object as if no debug info
     1>StanfordCPPLib.lib(gtimer.obj) : warning LNK4099: PDB 'stanfordcpplib.pdb' was not found with '..\StanfordCPPLib\StanfordCPPLib.lib' or at 'C:\Users\gwents\Documents\Visual Studio 2008\Projects\ass3\Assignment3-vs2008\Assignment3-vs2008\1 Subsequences\Debug\stanfordcpplib.pdb'; linking object as if no debug info
     1>StanfordCPPLib.lib(gtypes.obj) : warning LNK4099: PDB 'stanfordcpplib.pdb' was not found with '..\StanfordCPPLib\StanfordCPPLib.lib' or at 'C:\Users\gwents\Documents\Visual Studio 2008\Projects\ass3\Assignment3-vs2008\Assignment3-vs2008\1 Subsequences\Debug\stanfordcpplib.pdb'; linking object as if no debug info
     1>StanfordCPPLib.lib(gwindow.obj) : warning LNK4099: PDB 'stanfordcpplib.pdb' was not found with '..\StanfordCPPLib\StanfordCPPLib.lib' or at 'C:\Users\gwents\Documents\Visual Studio 2008\Projects\ass3\Assignment3-vs2008\Assignment3-vs2008\1 Subsequences\Debug\stanfordcpplib.pdb'; linking object as if no debug info
     1>StanfordCPPLib.lib(hashmap.obj) : warning LNK4099: PDB 'stanfordcpplib.pdb' was not found with '..\StanfordCPPLib\StanfordCPPLib.lib' or at 'C:\Users\gwents\Documents\Visual Studio 2008\Projects\ass3\Assignment3-vs2008\Assignment3-vs2008\1 Subsequences\Debug\stanfordcpplib.pdb'; linking object as if no debug info
     1>StanfordCPPLib.lib(platform.obj) : warning LNK4099: PDB 'stanfordcpplib.pdb' was not found with '..\StanfordCPPLib\StanfordCPPLib.lib' or at 'C:\Users\gwents\Documents\Visual Studio 2008\Projects\ass3\Assignment3-vs2008\Assignment3-vs2008\1 Subsequences\Debug\stanfordcpplib.pdb'; linking object as if no debug info
     1>StanfordCPPLib.lib(simpio.obj) : warning LNK4099: PDB 'stanfordcpplib.pdb' was not found with '..\StanfordCPPLib\StanfordCPPLib.lib' or at 'C:\Users\gwents\Documents\Visual Studio 2008\Projects\ass3\Assignment3-vs2008\Assignment3-vs2008\1 Subsequences\Debug\stanfordcpplib.pdb'; linking object as if no debug info
     1>StanfordCPPLib.lib(startup.obj) : warning LNK4099: PDB 'stanfordcpplib.pdb' was not found with '..\StanfordCPPLib\StanfordCPPLib.lib' or at 'C:\Users\gwents\Documents\Visual Studio 2008\Projects\ass3\Assignment3-vs2008\Assignment3-vs2008\1 Subsequences\Debug\stanfordcpplib.pdb'; linking object as if no debug info
     1>StanfordCPPLib.lib(strlib.obj) : warning LNK4099: PDB 'stanfordcpplib.pdb' was not found with '..\StanfordCPPLib\StanfordCPPLib.lib' or at 'C:\Users\gwents\Documents\Visual Studio 2008\Projects\ass3\Assignment3-vs2008\Assignment3-vs2008\1 Subsequences\Debug\stanfordcpplib.pdb'; linking object as if no debug info
     1>StanfordCPPLib.lib(tokenscanner.obj) : warning LNK4099: PDB 'stanfordcpplib.pdb' was not found with '..\StanfordCPPLib\StanfordCPPLib.lib' or at 'C:\Users\gwents\Documents\Visual Studio 2008\Projects\ass3\Assignment3-vs2008\Assignment3-vs2008\1 Subsequences\Debug\stanfordcpplib.pdb'; linking object as if no debug info
       Manifest:
         C:\Program Files\Microsoft SDKs\Windows\v6.0A\bin\mt.exe /nologo /verbose /out:"Debug\Subsequences.exe.embed.manifest" /manifest Debug\Subsequences.exe.intermediate.manifest
         C:\Program Files\Microsoft SDKs\Windows\v6.0A\bin\rc.exe /fo"Debug\Subsequences.exe.embed.manifest.res" Debug\Subsequences_manifest.rc 
         Microsoft (R) Windows (R) Resource Compiler Version 6.0.5724.0
         
         Copyright (C) Microsoft Corporation.  All rights reserved.
         
         
       LinkEmbedManifest:
         C:\Program Files (x86)\Microsoft Visual Studio 9.0\VC\bin\link.exe /ERRORREPORT:PROMPT /OUT:"C:\Users\gwents\Documents\Visual Studio 2008\Projects\ass3\Assignment3-vs2008\Assignment3-vs2008\1 Subsequences\Debug\Subsequences.exe" /INCREMENTAL /NOLOGO kernel32.lib user32.lib gdi32.lib winspool.lib comdlg32.lib advapi32.lib shell32.lib ole32.lib oleaut32.lib uuid.lib odbc32.lib odbccp32.lib /MANIFEST /ManifestFile:"Debug\Subsequences.exe.intermediate.manifest" /MANIFESTUAC:"level='asInvoker' uiAccess='false'" /DEBUG /PDB:"C:\Users\gwents\Documents\Visual Studio 2008\Projects\ass3\Assignment3-vs2008\Assignment3-vs2008\1 Subsequences\Debug\Subsequences.pdb" /SUBSYSTEM:CONSOLE /TLBID:1 /DYNAMICBASE /NXCOMPAT /IMPLIB:"C:\Users\gwents\Documents\Visual Studio 2008\Projects\ass3\Assignment3-vs2008\Assignment3-vs2008\1 Subsequences\Debug\Subsequences.lib" /MACHINE:X86 Debug\Subsequences.exe.embed.manifest.res
         Debug\Subsequences.obj
         ..\StanfordCPPLib\StanfordCPPLib.lib
     1>StanfordCPPLib.lib(error.obj) : warning LNK4099: PDB 'stanfordcpplib.pdb' was not found with '..\StanfordCPPLib\StanfordCPPLib.lib' or at 'C:\Users\gwents\Documents\Visual Studio 2008\Projects\ass3\Assignment3-vs2008\Assignment3-vs2008\1 Subsequences\Debug\stanfordcpplib.pdb'; linking object as if no debug info
     1>StanfordCPPLib.lib(filelib.obj) : warning LNK4099: PDB 'stanfordcpplib.pdb' was not found with '..\StanfordCPPLib\StanfordCPPLib.lib' or at 'C:\Users\gwents\Documents\Visual Studio 2008\Projects\ass3\Assignment3-vs2008\Assignment3-vs2008\1 Subsequences\Debug\stanfordcpplib.pdb'; linking object as if no debug info
     1>StanfordCPPLib.lib(gevents.obj) : warning LNK4099: PDB 'stanfordcpplib.pdb' was not found with '..\StanfordCPPLib\StanfordCPPLib.lib' or at 'C:\Users\gwents\Documents\Visual Studio 2008\Projects\ass3\Assignment3-vs2008\Assignment3-vs2008\1 Subsequences\Debug\stanfordcpplib.pdb'; linking object as if no debug info
     1>StanfordCPPLib.lib(gmath.obj) : warning LNK4099: PDB 'stanfordcpplib.pdb' was not found with '..\StanfordCPPLib\StanfordCPPLib.lib' or at 'C:\Users\gwents\Documents\Visual Studio 2008\Projects\ass3\Assignment3-vs2008\Assignment3-vs2008\1 Subsequences\Debug\stanfordcpplib.pdb'; linking object as if no debug info
     1>StanfordCPPLib.lib(gobjects.obj) : warning LNK4099: PDB 'stanfordcpplib.pdb' was not found with '..\StanfordCPPLib\StanfordCPPLib.lib' or at 'C:\Users\gwents\Documents\Visual Studio 2008\Projects\ass3\Assignment3-vs2008\Assignment3-vs2008\1 Subsequences\Debug\stanfordcpplib.pdb'; linking object as if no debug info
     1>StanfordCPPLib.lib(gtimer.obj) : warning LNK4099: PDB 'stanfordcpplib.pdb' was not found with '..\StanfordCPPLib\StanfordCPPLib.lib' or at 'C:\Users\gwents\Documents\Visual Studio 2008\Projects\ass3\Assignment3-vs2008\Assignment3-vs2008\1 Subsequences\Debug\stanfordcpplib.pdb'; linking object as if no debug info
     1>StanfordCPPLib.lib(gtypes.obj) : warning LNK4099: PDB 'stanfordcpplib.pdb' was not found with '..\StanfordCPPLib\StanfordCPPLib.lib' or at 'C:\Users\gwents\Documents\Visual Studio 2008\Projects\ass3\Assignment3-vs2008\Assignment3-vs2008\1 Subsequences\Debug\stanfordcpplib.pdb'; linking object as if no debug info
     1>StanfordCPPLib.lib(gwindow.obj) : warning LNK4099: PDB 'stanfordcpplib.pdb' was not found with '..\StanfordCPPLib\StanfordCPPLib.lib' or at 'C:\Users\gwents\Documents\Visual Studio 2008\Projects\ass3\Assignment3-vs2008\Assignment3-vs2008\1 Subsequences\Debug\stanfordcpplib.pdb'; linking object as if no debug info
     1>StanfordCPPLib.lib(hashmap.obj) : warning LNK4099: PDB 'stanfordcpplib.pdb' was not found with '..\StanfordCPPLib\StanfordCPPLib.lib' or at 'C:\Users\gwents\Documents\Visual Studio 2008\Projects\ass3\Assignment3-vs2008\Assignment3-vs2008\1 Subsequences\Debug\stanfordcpplib.pdb'; linking object as if no debug info
     1>StanfordCPPLib.lib(platform.obj) : warning LNK4099: PDB 'stanfordcpplib.pdb' was not found with '..\StanfordCPPLib\StanfordCPPLib.lib' or at 'C:\Users\gwents\Documents\Visual Studio 2008\Projects\ass3\Assignment3-vs2008\Assignment3-vs2008\1 Subsequences\Debug\stanfordcpplib.pdb'; linking object as if no debug info
     1>StanfordCPPLib.lib(simpio.obj) : warning LNK4099: PDB 'stanfordcpplib.pdb' was not found with '..\StanfordCPPLib\StanfordCPPLib.lib' or at 'C:\Users\gwents\Documents\Visual Studio 2008\Projects\ass3\Assignment3-vs2008\Assignment3-vs2008\1 Subsequences\Debug\stanfordcpplib.pdb'; linking object as if no debug info
     1>StanfordCPPLib.lib(startup.obj) : warning LNK4099: PDB 'stanfordcpplib.pdb' was not found with '..\StanfordCPPLib\StanfordCPPLib.lib' or at 'C:\Users\gwents\Documents\Visual Studio 2008\Projects\ass3\Assignment3-vs2008\Assignment3-vs2008\1 Subsequences\Debug\stanfordcpplib.pdb'; linking object as if no debug info
     1>StanfordCPPLib.lib(strlib.obj) : warning LNK4099: PDB 'stanfordcpplib.pdb' was not found with '..\StanfordCPPLib\StanfordCPPLib.lib' or at 'C:\Users\gwents\Documents\Visual Studio 2008\Projects\ass3\Assignment3-vs2008\Assignment3-vs2008\1 Subsequences\Debug\stanfordcpplib.pdb'; linking object as if no debug info
     1>StanfordCPPLib.lib(tokenscanner.obj) : warning LNK4099: PDB 'stanfordcpplib.pdb' was not found with '..\StanfordCPPLib\StanfordCPPLib.lib' or at 'C:\Users\gwents\Documents\Visual Studio 2008\Projects\ass3\Assignment3-vs2008\Assignment3-vs2008\1 Subsequences\Debug\stanfordcpplib.pdb'; linking object as if no debug info
         Subsequences.vcxproj -> C:\Users\gwents\Documents\Visual Studio 2008\Projects\ass3\Assignment3-vs2008\Assignment3-vs2008\1 Subsequences\Debug\Subsequences.exe
     1>Done Building Project "C:\Users\gwents\Documents\Visual Studio 2008\Projects\ass3\Assignment3-vs2008\Assignment3-vs2008\1 Subsequences\Subsequences\Subsequences.vcxproj" (Build target(s)).

Build succeeded.

Time Elapsed 00:00:02.63
